<?xml version="1.0" encoding="UTF-8"?>
<!-- Generated by org.testng.reporters.JUnitXMLReporter -->
<testsuite hostname="MANASA-PC" name="Test" tests="1" failures="1" timestamp="14 Oct 2016 15:53:17 GMT" time="47.05" errors="0">
  <testcase name="@AfterTest teardown" time="0.0" classname="com.test.Logintest">
    <failure type="java.lang.NullPointerException">
      <![CDATA[java.lang.NullPointerException
	at com.test.Logintest.teardown(Logintest.java:27)
... Removed 22 stack frames]]>
    </failure>
  </testcase> <!-- @AfterTest teardown -->
  <testcase name="testlogin" time="46.943" classname="com.test.Logintest">
    <failure type="org.openqa.selenium.WebDriverException" message="Failed to connect to binary FirefoxBinary(C:\Program Files (x86)\Mozilla Firefox\firefox.exe) on port 7055; process output follows: 
G	Writing add-ons list
1476460352862	addons.xpi	DEBUG	Registering manifest for C:\Program Files (x86)\Mozilla Firefox\browser\features\e10srollout@mozilla.org.xpi
1476460352863	addons.xpi	DEBUG	Calling bootstrap method startup on e10srollout@mozilla.org version 1.0
1476460352863	addons.xpi	DEBUG	Registering manifest for C:\Program Files (x86)\Mozilla Firefox\browser\features\firefox@getpocket.com.xpi
1476460352864	addons.xpi	DEBUG	Calling bootstrap method startup on firefox@getpocket.com version 1.0
1476460352865	addons.xpi	DEBUG	Registering manifest for C:\Program Files (x86)\Mozilla Firefox\browser\features\loop@mozilla.org.xpi
1476460352866	addons.xpi	DEBUG	Calling bootstrap method startup on loop@mozilla.org version 1.2.6
1476460352891	addons.manager	DEBUG	Registering shutdown blocker for XPIProvider
1476460352891	addons.manager	DEBUG	Provider finished startup: XPIProvider
1476460352892	addons.manager	DEBUG	Starting provider: LightweightThemeManager
1476460352892	addons.manager	DEBUG	Registering shutdown blocker for LightweightThemeManager
1476460352892	addons.manager	DEBUG	Provider finished startup: LightweightThemeManager
1476460352892	addons.manager	DEBUG	Starting provider: GMPProvider
1476460352899	addons.manager	DEBUG	Registering shutdown blocker for GMPProvider
1476460352899	addons.manager	DEBUG	Provider finished startup: GMPProvider
1476460352899	addons.manager	DEBUG	Starting provider: PluginProvider
1476460352899	addons.manager	DEBUG	Registering shutdown blocker for PluginProvider
1476460352899	addons.manager	DEBUG	Provider finished startup: PluginProvider
1476460352900	addons.manager	DEBUG	Completed startup sequence
1476460354447	DeferredSave.extensions.json	DEBUG	Starting write
1476460354457	addons.manager	DEBUG	Starting provider: &amp;lt;unnamed-provider&amp;gt;
1476460354457	addons.manager	DEBUG	Registering shutdown blocker for &amp;lt;unnamed-provider&amp;gt;
1476460354457	addons.manager	DEBUG	Provider finished startup: &amp;lt;unnamed-provider&amp;gt;
1476460354913	addons.repository	DEBUG	No addons.json found.
1476460354914	DeferredSave.addons.json	DEBUG	Save changes
1476460354919	DeferredSave.addons.json	DEBUG	Starting timer
1476460354952	addons.manager	DEBUG	Starting provider: PreviousExperimentProvider
1476460354952	addons.manager	DEBUG	Registering shutdown blocker for PreviousExperimentProvider
1476460354952	addons.manager	DEBUG	Provider finished startup: PreviousExperimentProvider
1476460354956	DeferredSave.extensions.json	DEBUG	Write succeeded
1476460354957	addons.xpi-utils	DEBUG	XPI Database saved, setting schema version preference to 17
1476460354988	DeferredSave.addons.json	DEBUG	Starting write
1476460355000	DeferredSave.addons.json	DEBUG	Write succeeded
JavaScript error: chrome://fxdriver/content/server.js, line 61: uncaught exception: [object Object]
JavaScript error: chrome://fxdriver/content/server.js, line 61: NS_ERROR_XPC_CI_RETURNED_FAILURE: Component returned failure code: 0x80570015 (NS_ERROR_XPC_CI_RETURNED_FAILURE) [nsIJSCID.createInstance]
1476460367124	addons.xpi	DEBUG	Calling bootstrap method shutdown on e10srollout@mozilla.org version 1.0
1476460367124	addons.xpi	DEBUG	Calling bootstrap method shutdown on firefox@getpocket.com version 1.0
1476460367125	addons.xpi	DEBUG	Calling bootstrap method shutdown on loop@mozilla.org version 1.2.6
1476460367332	addons.manager	DEBUG	shutdown
1476460367332	addons.manager	DEBUG	Calling shutdown blocker for XPIProvider
1476460367332	addons.xpi	DEBUG	shutdown
1476460367332	addons.xpi-utils	DEBUG	shutdown
1476460367333	addons.manager	DEBUG	Calling shutdown blocker for LightweightThemeManager
1476460367334	addons.manager	DEBUG	Calling shutdown blocker for GMPProvider
1476460367336	addons.manager	DEBUG	Calling shutdown blocker for PluginProvider
1476460367337	addons.manager	DEBUG	Calling shutdown blocker for &amp;lt;unnamed-provider&amp;gt;
1476460367338	addons.manager	DEBUG	Calling shutdown blocker for PreviousExperimentProvider
1476460367341	addons.xpi	DEBUG	Notifying XPI shutdown observers
1476460367345	addons.manager	DEBUG	Async provider shutdown done

Build info: version: &amp;apos;2.53.0&amp;apos;, revision: &amp;apos;35ae25b1534ae328c771e0856c93e187490ca824&amp;apos;, time: &amp;apos;2016-03-15 10:43:46&amp;apos;
System info: host: &amp;apos;MANASA-PC&amp;apos;, ip: &amp;apos;192.168.1.5&amp;apos;, os.name: &amp;apos;Windows 7&amp;apos;, os.arch: &amp;apos;amd64&amp;apos;, os.version: &amp;apos;6.1&amp;apos;, java.version: &amp;apos;1.8.0_92&amp;apos;
Driver info: driver.version: FirefoxDriver">
      <![CDATA[org.openqa.selenium.WebDriverException: Failed to connect to binary FirefoxBinary(C:\Program Files (x86)\Mozilla Firefox\firefox.exe) on port 7055; process output follows: 
G	Writing add-ons list
1476460352862	addons.xpi	DEBUG	Registering manifest for C:\Program Files (x86)\Mozilla Firefox\browser\features\e10srollout@mozilla.org.xpi
1476460352863	addons.xpi	DEBUG	Calling bootstrap method startup on e10srollout@mozilla.org version 1.0
1476460352863	addons.xpi	DEBUG	Registering manifest for C:\Program Files (x86)\Mozilla Firefox\browser\features\firefox@getpocket.com.xpi
1476460352864	addons.xpi	DEBUG	Calling bootstrap method startup on firefox@getpocket.com version 1.0
1476460352865	addons.xpi	DEBUG	Registering manifest for C:\Program Files (x86)\Mozilla Firefox\browser\features\loop@mozilla.org.xpi
1476460352866	addons.xpi	DEBUG	Calling bootstrap method startup on loop@mozilla.org version 1.2.6
1476460352891	addons.manager	DEBUG	Registering shutdown blocker for XPIProvider
1476460352891	addons.manager	DEBUG	Provider finished startup: XPIProvider
1476460352892	addons.manager	DEBUG	Starting provider: LightweightThemeManager
1476460352892	addons.manager	DEBUG	Registering shutdown blocker for LightweightThemeManager
1476460352892	addons.manager	DEBUG	Provider finished startup: LightweightThemeManager
1476460352892	addons.manager	DEBUG	Starting provider: GMPProvider
1476460352899	addons.manager	DEBUG	Registering shutdown blocker for GMPProvider
1476460352899	addons.manager	DEBUG	Provider finished startup: GMPProvider
1476460352899	addons.manager	DEBUG	Starting provider: PluginProvider
1476460352899	addons.manager	DEBUG	Registering shutdown blocker for PluginProvider
1476460352899	addons.manager	DEBUG	Provider finished startup: PluginProvider
1476460352900	addons.manager	DEBUG	Completed startup sequence
1476460354447	DeferredSave.extensions.json	DEBUG	Starting write
1476460354457	addons.manager	DEBUG	Starting provider: <unnamed-provider>
1476460354457	addons.manager	DEBUG	Registering shutdown blocker for <unnamed-provider>
1476460354457	addons.manager	DEBUG	Provider finished startup: <unnamed-provider>
1476460354913	addons.repository	DEBUG	No addons.json found.
1476460354914	DeferredSave.addons.json	DEBUG	Save changes
1476460354919	DeferredSave.addons.json	DEBUG	Starting timer
1476460354952	addons.manager	DEBUG	Starting provider: PreviousExperimentProvider
1476460354952	addons.manager	DEBUG	Registering shutdown blocker for PreviousExperimentProvider
1476460354952	addons.manager	DEBUG	Provider finished startup: PreviousExperimentProvider
1476460354956	DeferredSave.extensions.json	DEBUG	Write succeeded
1476460354957	addons.xpi-utils	DEBUG	XPI Database saved, setting schema version preference to 17
1476460354988	DeferredSave.addons.json	DEBUG	Starting write
1476460355000	DeferredSave.addons.json	DEBUG	Write succeeded
JavaScript error: chrome://fxdriver/content/server.js, line 61: uncaught exception: [object Object]
JavaScript error: chrome://fxdriver/content/server.js, line 61: NS_ERROR_XPC_CI_RETURNED_FAILURE: Component returned failure code: 0x80570015 (NS_ERROR_XPC_CI_RETURNED_FAILURE) [nsIJSCID.createInstance]
1476460367124	addons.xpi	DEBUG	Calling bootstrap method shutdown on e10srollout@mozilla.org version 1.0
1476460367124	addons.xpi	DEBUG	Calling bootstrap method shutdown on firefox@getpocket.com version 1.0
1476460367125	addons.xpi	DEBUG	Calling bootstrap method shutdown on loop@mozilla.org version 1.2.6
1476460367332	addons.manager	DEBUG	shutdown
1476460367332	addons.manager	DEBUG	Calling shutdown blocker for XPIProvider
1476460367332	addons.xpi	DEBUG	shutdown
1476460367332	addons.xpi-utils	DEBUG	shutdown
1476460367333	addons.manager	DEBUG	Calling shutdown blocker for LightweightThemeManager
1476460367334	addons.manager	DEBUG	Calling shutdown blocker for GMPProvider
1476460367336	addons.manager	DEBUG	Calling shutdown blocker for PluginProvider
1476460367337	addons.manager	DEBUG	Calling shutdown blocker for <unnamed-provider>
1476460367338	addons.manager	DEBUG	Calling shutdown blocker for PreviousExperimentProvider
1476460367341	addons.xpi	DEBUG	Notifying XPI shutdown observers
1476460367345	addons.manager	DEBUG	Async provider shutdown done

Build info: version: '2.53.0', revision: '35ae25b1534ae328c771e0856c93e187490ca824', time: '2016-03-15 10:43:46'
System info: host: 'MANASA-PC', ip: '192.168.1.5', os.name: 'Windows 7', os.arch: 'amd64', os.version: '6.1', java.version: '1.8.0_92'
Driver info: driver.version: FirefoxDriver
	at org.openqa.selenium.firefox.internal.NewProfileExtensionConnection.start(NewProfileExtensionConnection.java:125)
	at org.openqa.selenium.firefox.FirefoxDriver.startClient(FirefoxDriver.java:271)
	at org.openqa.selenium.remote.RemoteWebDriver.<init>(RemoteWebDriver.java:119)
	at org.openqa.selenium.firefox.FirefoxDriver.<init>(FirefoxDriver.java:216)
	at org.openqa.selenium.firefox.FirefoxDriver.<init>(FirefoxDriver.java:211)
	at org.openqa.selenium.firefox.FirefoxDriver.<init>(FirefoxDriver.java:207)
	at org.openqa.selenium.firefox.FirefoxDriver.<init>(FirefoxDriver.java:120)
	at com.sele.Browser.browser(Browser.java:25)
	at com.test.Logintest.testlogin(Logintest.java:19)
Caused by: org.openqa.selenium.firefox.NotConnectedException: Unable to connect to host 127.0.0.1 on port 7055 after 45000 ms. Firefox console output:
G	Writing add-ons list
1476460352862	addons.xpi	DEBUG	Registering manifest for C:\Program Files (x86)\Mozilla Firefox\browser\features\e10srollout@mozilla.org.xpi
1476460352863	addons.xpi	DEBUG	Calling bootstrap method startup on e10srollout@mozilla.org version 1.0
1476460352863	addons.xpi	DEBUG	Registering manifest for C:\Program Files (x86)\Mozilla Firefox\browser\features\firefox@getpocket.com.xpi
1476460352864	addons.xpi	DEBUG	Calling bootstrap method startup on firefox@getpocket.com version 1.0
1476460352865	addons.xpi	DEBUG	Registering manifest for C:\Program Files (x86)\Mozilla Firefox\browser\features\loop@mozilla.org.xpi
1476460352866	addons.xpi	DEBUG	Calling bootstrap method startup on loop@mozilla.org version 1.2.6
1476460352891	addons.manager	DEBUG	Registering shutdown blocker for XPIProvider
1476460352891	addons.manager	DEBUG	Provider finished startup: XPIProvider
1476460352892	addons.manager	DEBUG	Starting provider: LightweightThemeManager
1476460352892	addons.manager	DEBUG	Registering shutdown blocker for LightweightThemeManager
1476460352892	addons.manager	DEBUG	Provider finished startup: LightweightThemeManager
1476460352892	addons.manager	DEBUG	Starting provider: GMPProvider
1476460352899	addons.manager	DEBUG	Registering shutdown blocker for GMPProvider
1476460352899	addons.manager	DEBUG	Provider finished startup: GMPProvider
1476460352899	addons.manager	DEBUG	Starting provider: PluginProvider
1476460352899	addons.manager	DEBUG	Registering shutdown blocker for PluginProvider
1476460352899	addons.manager	DEBUG	Provider finished startup: PluginProvider
1476460352900	addons.manager	DEBUG	Completed startup sequence
1476460354447	DeferredSave.extensions.json	DEBUG	Starting write
1476460354457	addons.manager	DEBUG	Starting provider: <unnamed-provider>
1476460354457	addons.manager	DEBUG	Registering shutdown blocker for <unnamed-provider>
1476460354457	addons.manager	DEBUG	Provider finished startup: <unnamed-provider>
1476460354913	addons.repository	DEBUG	No addons.json found.
1476460354914	DeferredSave.addons.json	DEBUG	Save changes
1476460354919	DeferredSave.addons.json	DEBUG	Starting timer
1476460354952	addons.manager	DEBUG	Starting provider: PreviousExperimentProvider
1476460354952	addons.manager	DEBUG	Registering shutdown blocker for PreviousExperimentProvider
1476460354952	addons.manager	DEBUG	Provider finished startup: PreviousExperimentProvider
1476460354956	DeferredSave.extensions.json	DEBUG	Write succeeded
1476460354957	addons.xpi-utils	DEBUG	XPI Database saved, setting schema version preference to 17
1476460354988	DeferredSave.addons.json	DEBUG	Starting write
1476460355000	DeferredSave.addons.json	DEBUG	Write succeeded
JavaScript error: chrome://fxdriver/content/server.js, line 61: uncaught exception: [object Object]
JavaScript error: chrome://fxdriver/content/server.js, line 61: NS_ERROR_XPC_CI_RETURNED_FAILURE: Component returned failure code: 0x80570015 (NS_ERROR_XPC_CI_RETURNED_FAILURE) [nsIJSCID.createInstance]
1476460367124	addons.xpi	DEBUG	Calling bootstrap method shutdown on e10srollout@mozilla.org version 1.0
1476460367124	addons.xpi	DEBUG	Calling bootstrap method shutdown on firefox@getpocket.com version 1.0
1476460367125	addons.xpi	DEBUG	Calling bootstrap method shutdown on loop@mozilla.org version 1.2.6
1476460367332	addons.manager	DEBUG	shutdown
1476460367332	addons.manager	DEBUG	Calling shutdown blocker for XPIProvider
1476460367332	addons.xpi	DEBUG	shutdown
1476460367332	addons.xpi-utils	DEBUG	shutdown
1476460367333	addons.manager	DEBUG	Calling shutdown blocker for LightweightThemeManager
1476460367334	addons.manager	DEBUG	Calling shutdown blocker for GMPProvider
1476460367336	addons.manager	DEBUG	Calling shutdown blocker for PluginProvider
1476460367337	addons.manager	DEBUG	Calling shutdown blocker for <unnamed-provider>
1476460367338	addons.manager	DEBUG	Calling shutdown blocker for PreviousExperimentProvider
1476460367341	addons.xpi	DEBUG	Notifying XPI shutdown observers
1476460367345	addons.manager	DEBUG	Async provider shutdown done

	at org.openqa.selenium.firefox.internal.NewProfileExtensionConnection.start(NewProfileExtensionConnection.java:113)
	... 32 more
... Removed 24 stack frames]]>
    </failure>
  </testcase> <!-- testlogin -->
</testsuite> <!-- Test -->
